[14 May 2014 20:00:52] Building database metadata model
[14 May 2014 20:00:52] Properties: {partialRefresh=false, processColumnsUsingSelect=, includePrimaryKeys=true, eventSocketClient=com.webratio.commons.net.EventSocketClient@3e110003, includeTables=true, username=root, outputLogPath=/Users/djlophu/Documents/WebRation Projects/TravelAdvisorG2/.Temp~/DB.xml.log, readIndexes=null, driverClass=com.mysql.jdbc.Driver, includeSynonyms=true, metaDataProviderClass=com.webratio.commons.db.metadata.MySQLMetaDataProvider, outputPath=/Users/djlophu/Documents/WebRation Projects/TravelAdvisorG2/.Temp~/DB.xml, schemaRegex=null, readProcedures=null, includeViews=true, derby.system.home=/Users/djlophu/Documents/WebRation Projects/.metadata/.plugins/com.webratio.commons.db/derby, url=jdbc:mysql://localhost:3306/dbTA, tableRegex=null, readSQLDefinitions=true, includeForeignKeys=true, retrieveAllNames=false, tablesToRefresh=, eventSocketPort=49502}
[14 May 2014 20:00:52] URL: jdbc:mysql://localhost:3306/dbTA
[14 May 2014 20:00:52] Product name: MySQL
[14 May 2014 20:00:52] Product version: 5.5.37
[14 May 2014 20:00:52] Driver name: MySQL Connector Java
[14 May 2014 20:00:52] Driver version: mysql-connector-java-5.1.30 ( Revision: alexander.soklakov@oracle.com-20140310090514-8xt1yoht5ksg2e7c )
[14 May 2014 20:00:52] Driver major version: 5
[14 May 2014 20:00:52] Driver minor version: 1
[14 May 2014 20:00:52] Identifier quote string: 1
[14 May 2014 20:00:52] Retrieving schemas
[14 May 2014 20:00:52] Retrieving [TABLE, VIEW, SYNONYM] for schema ''
[14 May 2014 20:00:52]   Found 'group' [type = TABLE]
[14 May 2014 20:00:52]   Found 'group_module' [type = TABLE]
[14 May 2014 20:00:52]   Found 'module' [type = TABLE]
[14 May 2014 20:00:52]   Found 'routeinformation' [type = TABLE]
[14 May 2014 20:00:52]   Found 'travelledroute' [type = TABLE]
[14 May 2014 20:00:52]   Found 'user' [type = TABLE]
[14 May 2014 20:00:52]   Found 'user_group' [type = TABLE]
[14 May 2014 20:00:52] Retrieving columns for 'group' [type = TABLE]
[14 May 2014 20:00:52]   Found column: oid [type = INT][SQL/XOPEN type = 4][size = 10][dec. digits = 0]
[14 May 2014 20:00:52]   Found column: groupname [type = VARCHAR][SQL/XOPEN type = 12][size = 255][dec. digits = 0]
[14 May 2014 20:00:52]   Found column: module_oid [type = INT][SQL/XOPEN type = 4][size = 10][dec. digits = 0]
[14 May 2014 20:00:52] Retrieving primary keys for 'group' [type = TABLE]
[14 May 2014 20:00:52]   Found primary key column: oid
[14 May 2014 20:00:52] Retrieving columns for 'group_module' [type = TABLE]
[14 May 2014 20:00:52]   Found column: group_oid [type = INT][SQL/XOPEN type = 4][size = 10][dec. digits = 0]
[14 May 2014 20:00:52]   Found column: module_oid [type = INT][SQL/XOPEN type = 4][size = 10][dec. digits = 0]
[14 May 2014 20:00:52] Retrieving primary keys for 'group_module' [type = TABLE]
[14 May 2014 20:00:52]   Found primary key column: group_oid
[14 May 2014 20:00:52]   Found primary key column: module_oid
[14 May 2014 20:00:52] Retrieving columns for 'module' [type = TABLE]
[14 May 2014 20:00:53]   Found column: oid [type = INT][SQL/XOPEN type = 4][size = 10][dec. digits = 0]
[14 May 2014 20:00:53]   Found column: moduleid [type = VARCHAR][SQL/XOPEN type = 12][size = 255][dec. digits = 0]
[14 May 2014 20:00:53]   Found column: modulename [type = VARCHAR][SQL/XOPEN type = 12][size = 255][dec. digits = 0]
[14 May 2014 20:00:53] Retrieving primary keys for 'module' [type = TABLE]
[14 May 2014 20:00:53]   Found primary key column: oid
[14 May 2014 20:00:53] Retrieving columns for 'routeinformation' [type = TABLE]
[14 May 2014 20:00:53]   Found column: routeid [type = INT][SQL/XOPEN type = 4][size = 10][dec. digits = 0]
[14 May 2014 20:00:53]   Found column: timeduration [type = FLOAT][SQL/XOPEN type = 7][size = 12][dec. digits = 0]
[14 May 2014 20:00:53]   Found column: destinationtemperature [type = VARCHAR][SQL/XOPEN type = 12][size = 255][dec. digits = 0]
[14 May 2014 20:00:53]   Found column: flightdate [type = DATE][SQL/XOPEN type = 91][size = 10][dec. digits = 0]
[14 May 2014 20:00:53]   Found column: flighttime [type = TIME][SQL/XOPEN type = 92][size = 8][dec. digits = 0]
[14 May 2014 20:00:53]   Found column: packageprice [type = INT][SQL/XOPEN type = 4][size = 10][dec. digits = 0]
[14 May 2014 20:00:53]   Found column: to [type = VARCHAR][SQL/XOPEN type = 12][size = 255][dec. digits = 0]
[14 May 2014 20:00:53]   Found column: from [type = VARCHAR][SQL/XOPEN type = 12][size = 255][dec. digits = 0]
[14 May 2014 20:00:53]   Found column: userratings [type = INT][SQL/XOPEN type = 4][size = 10][dec. digits = 0]
[14 May 2014 20:00:53]   Found column: fromimage [type = VARCHAR][SQL/XOPEN type = 12][size = 255][dec. digits = 0]
[14 May 2014 20:00:53]   Found column: toimage [type = VARCHAR][SQL/XOPEN type = 12][size = 255][dec. digits = 0]
[14 May 2014 20:00:53] Retrieving primary keys for 'routeinformation' [type = TABLE]
[14 May 2014 20:00:53]   Found primary key column: routeid
[14 May 2014 20:00:53] Retrieving columns for 'travelledroute' [type = TABLE]
[14 May 2014 20:00:53]   Found column: tid [type = INT][SQL/XOPEN type = 4][size = 10][dec. digits = 0]
[14 May 2014 20:00:53]   Found column: username [type = VARCHAR][SQL/XOPEN type = 12][size = 255][dec. digits = 0]
[14 May 2014 20:00:53]   Found column: routeid [type = INT][SQL/XOPEN type = 4][size = 10][dec. digits = 0]
[14 May 2014 20:00:53]   Found column: bookingdate [type = DATE][SQL/XOPEN type = 91][size = 10][dec. digits = 0]
[14 May 2014 20:00:53]   Found column: ratings [type = INT][SQL/XOPEN type = 4][size = 10][dec. digits = 0]
[14 May 2014 20:00:53]   Found column: remarks [type = VARCHAR][SQL/XOPEN type = 12][size = 255][dec. digits = 0]
[14 May 2014 20:00:53] Retrieving primary keys for 'travelledroute' [type = TABLE]
[14 May 2014 20:00:53]   Found primary key column: tid
[14 May 2014 20:00:53] Retrieving columns for 'user' [type = TABLE]
[14 May 2014 20:00:53]   Found column: oid [type = INT][SQL/XOPEN type = 4][size = 10][dec. digits = 0]
[14 May 2014 20:00:53]   Found column: username [type = VARCHAR][SQL/XOPEN type = 12][size = 255][dec. digits = 0]
[14 May 2014 20:00:53]   Found column: password [type = VARCHAR][SQL/XOPEN type = 12][size = 255][dec. digits = 0]
[14 May 2014 20:00:53]   Found column: email [type = VARCHAR][SQL/XOPEN type = 12][size = 255][dec. digits = 0]
[14 May 2014 20:00:53]   Found column: role [type = VARCHAR][SQL/XOPEN type = 12][size = 255][dec. digits = 0]
[14 May 2014 20:00:53]   Found column: lastname [type = VARCHAR][SQL/XOPEN type = 12][size = 255][dec. digits = 0]
[14 May 2014 20:00:53]   Found column: firstname [type = VARCHAR][SQL/XOPEN type = 12][size = 255][dec. digits = 0]
[14 May 2014 20:00:53]   Found column: group_oid [type = INT][SQL/XOPEN type = 4][size = 10][dec. digits = 0]
[14 May 2014 20:00:53] Retrieving primary keys for 'user' [type = TABLE]
[14 May 2014 20:00:53]   Found primary key column: oid
[14 May 2014 20:00:53] Retrieving columns for 'user_group' [type = TABLE]
[14 May 2014 20:00:53]   Found column: user_oid [type = INT][SQL/XOPEN type = 4][size = 10][dec. digits = 0]
[14 May 2014 20:00:53]   Found column: group_oid [type = INT][SQL/XOPEN type = 4][size = 10][dec. digits = 0]
[14 May 2014 20:00:53] Retrieving primary keys for 'user_group' [type = TABLE]
[14 May 2014 20:00:53]   Found primary key column: user_oid
[14 May 2014 20:00:53]   Found primary key column: group_oid
[14 May 2014 20:00:53] Retrieving foreign keys for 'group' [type = TABLE]
[14 May 2014 20:00:53]   Found foreign key: column module_oid references module(oid)
[14 May 2014 20:00:53] Retrieving foreign keys for 'group_module' [type = TABLE]
[14 May 2014 20:00:53]   Found foreign key: column group_oid references group(oid)
[14 May 2014 20:00:53]   Found foreign key: column module_oid references module(oid)
[14 May 2014 20:00:53] Retrieving foreign keys for 'module' [type = TABLE]
[14 May 2014 20:00:53] Retrieving foreign keys for 'routeinformation' [type = TABLE]
[14 May 2014 20:00:53] Retrieving foreign keys for 'travelledroute' [type = TABLE]
[14 May 2014 20:00:53] Retrieving foreign keys for 'user' [type = TABLE]
[14 May 2014 20:00:53]   Found foreign key: column group_oid references group(oid)
[14 May 2014 20:00:53] Retrieving foreign keys for 'user_group' [type = TABLE]
[14 May 2014 20:00:53]   Found foreign key: column group_oid references group(oid)
[14 May 2014 20:00:53]   Found foreign key: column user_oid references user(oid)
[14 May 2014 20:00:53] Retrieving auto-increment columns for 'group' [type = TABLE]
[14 May 2014 20:00:53] Retrieving auto-increment columns for 'group_module' [type = TABLE]
[14 May 2014 20:00:53] Retrieving auto-increment columns for 'module' [type = TABLE]
[14 May 2014 20:00:53] Retrieving auto-increment columns for 'routeinformation' [type = TABLE]
[14 May 2014 20:00:53] Retrieving auto-increment columns for 'travelledroute' [type = TABLE]
[14 May 2014 20:00:53]   Found auto-increment column: tid
[14 May 2014 20:00:53] Retrieving auto-increment columns for 'user' [type = TABLE]
[14 May 2014 20:00:53] Retrieving auto-increment columns for 'user_group' [type = TABLE]
[14 May 2014 20:00:53] Database connection closed
